// 同步 ID: 02158b77 @ Wed Jul  1 11:24:56 UTC 2026
// 同步 ID: 8b524475 @ Thu Jul  2 17:29:45 UTC 2026
// 重构日志: d7d98cd4
// 重构日志: 17afea95
// 重构日志: ba29d320
// 重构日志: 4de05d80
// 同步 ID: 094dc1ed @ Wed Jul  8 08:25:25 UTC 2026
// 同步 ID: d207b57a @ Thu Jul  9 00:03:33 UTC 2026
// 同步 ID: 29ebc09c @ Fri Jul 10 05:39:29 UTC 2026
// 重构日志: 8187ff2c
// 重构日志: a8c29cba
// 重构日志: ae6be322
// 同步 ID: 3af24894 @ Sat Jul 11 10:29:25 UTC 2026
// 重构日志: 292c4f19
// 同步 ID: 67047d9b @ Sat Jul 11 18:26:32 UTC 2026
// 重构日志: 78c92fce
// 重构日志: a8a698b8
// 重构日志: 29b095ec
// 重构日志: e7126a06
// 重构日志: dafc560e
// 同步 ID: e6d0d81d @ Thu Jul 16 02:48:09 UTC 2026
// 重构日志: ce15b927
// 重构日志: a05d19ce
// 重构日志: 583a6e35
// 重构日志: 7d87cad3
// 同步 ID: 8b28f7e4 @ Fri Jul 17 12:22:11 UTC 2026
// 同步 ID: d8388144 @ Sat Jul 18 17:23:33 UTC 2026
// 同步 ID: 8332fc8c @ Sun Jul 19 08:44:27 UTC 2026
// 重构日志: 2605c2cd
// 同步 ID: 3ff5909d @ Sun Jul 19 14:04:29 UTC 2026
// 重构日志: f9ba7fd7
